生成启动时间为 2015/8/20 13:45:29。
     1>项目“C:\Users\zuolj\Documents\Visual Studio 2010\Projects\nginx\nginx.vcxproj”在节点 2 上(build 个目标)。
     1>InitializeBuildStatus:
         正在创建“Debug\nginx.unsuccessfulbuild”，因为已指定“AlwaysCreate”。
       ClCompile:
         C:\Program Files (x86)\Microsoft Visual Studio 10.0\VC\bin\CL.exe /c /I"C:\Users\zuolj\Documents\Visual Studio 2010\Projects\nginx" /I"C:\Users\zuolj\Documents\Visual Studio 2010\Projects\nginx\src\stream" /I"C:\Users\zuolj\Documents\Visual Studio 2010\Projects\nginx\src\os\win32" /I"C:\Users\zuolj\Documents\Visual Studio 2010\Projects\nginx\src\os\unix" /I"C:\Users\zuolj\Documents\Visual Studio 2010\Projects\nginx\src\mysql" /I"C:\Users\zuolj\Documents\Visual Studio 2010\Projects\nginx\src\misc" /I"C:\Users\zuolj\Documents\Visual Studio 2010\Projects\nginx\src\mail" /I"C:\Users\zuolj\Documents\Visual Studio 2010\Projects\nginx\src\http\modules\perl" /I"C:\Users\zuolj\Documents\Visual Studio 2010\Projects\nginx\src\http\modules" /I"C:\Users\zuolj\Documents\Visual Studio 2010\Projects\nginx\src\event\modules" /I"C:\Users\zuolj\Documents\Visual Studio 2010\Projects\nginx\src\http" /I"C:\Users\zuolj\Documents\Visual Studio 2010\Projects\nginx\src\event" /I"C:\Users\zuolj\Documents\Visual Studio 2010\Projects\nginx\src\core" /ZI /nologo /W3 /WX- /Od /Oy- /D WIN32 /D _DEBUG /D _CONSOLE /D _MBCS /Gm /EHsc /RTC1 /MDd /GS /fp:precise /Zc:wchar_t /Zc:forScope /Fo"Debug\\" /Fd"Debug\vc100.pdb" /Gd /TC /analyze- /errorReport:prompt src\http\modules\ngx_http_cookie_module.c
         ngx_http_cookie_module.c
     1>c:\users\zuolj\documents\visual studio 2010\projects\nginx\src\http\modules\ngx_http_cookie_module.c : warning C4819: 该文件包含不能在当前代码页(936)中表示的字符。请将该文件保存为 Unicode 格式以防止数据丢失
         所有输出均为最新。
       ResourceCompile:
         所有输出均为最新。
       ManifestResourceCompile:
         所有输出均为最新。
       Link:
         C:\Program Files (x86)\Microsoft Visual Studio 10.0\VC\bin\link.exe /ERRORREPORT:PROMPT /OUT:"C:\Users\zuolj\Documents\Visual Studio 2010\Projects\nginx\Debug\nginx.exe" /INCREMENTAL /NOLOGO oldnames.lib ws2_32.lib kernel32.lib user32.lib gdi32.lib winspool.lib comdlg32.lib advapi32.lib shell32.lib ole32.lib oleaut32.lib uuid.lib odbc32.lib odbccp32.lib /MANIFEST /ManifestFile:"Debug\nginx.exe.intermediate.manifest" /MANIFESTUAC:"level='asInvoker' uiAccess='false'" /DEBUG /PDB:"C:\Users\zuolj\Documents\Visual Studio 2010\Projects\nginx\Debug\nginx.pdb" /SUBSYSTEM:CONSOLE /TLBID:1 /DYNAMICBASE /NXCOMPAT /IMPLIB:"C:\Users\zuolj\Documents\Visual Studio 2010\Projects\nginx\Debug\nginx.lib" /MACHINE:X86 Debug\nginx.res
         Debug\nginx.exe.embed.manifest.res
         Debug\ngx_modules.obj
         Debug\ngx_pch.obj
         Debug\nginx.obj
         Debug\ngx_array.obj
         Debug\ngx_buf.obj
         Debug\ngx_conf_file.obj
         Debug\ngx_connection.obj
         Debug\ngx_cpuinfo.obj
         Debug\ngx_crc32.obj
         Debug\ngx_crypt.obj
         Debug\ngx_cycle.obj
         Debug\ngx_file.obj
         Debug\ngx_hash.obj
         Debug\ngx_inet.obj
         Debug\ngx_list.obj
         Debug\ngx_log.obj
         Debug\ngx_md5.obj
         Debug\ngx_murmurhash.obj
         Debug\ngx_open_file_cache.obj
         Debug\ngx_output_chain.obj
         Debug\ngx_palloc.obj
         Debug\ngx_parse.obj
         Debug\ngx_parse_time.obj
         Debug\ngx_proxy_protocol.obj
         Debug\ngx_queue.obj
         Debug\ngx_radix_tree.obj
         Debug\ngx_rbtree.obj
         Debug\ngx_resolver.obj
         Debug\ngx_rwlock.obj
         Debug\ngx_shmtx.obj
         Debug\ngx_slab.obj
         Debug\ngx_spinlock.obj
         Debug\ngx_string.obj
         Debug\ngx_syslog.obj
         Debug\ngx_times.obj
         Debug\ngx_iocp_module.obj
         Debug\ngx_win32_select_module.obj
         Debug\ngx_event.obj
         Debug\ngx_event_accept.obj
         Debug\ngx_event_acceptex.obj
         Debug\ngx_event_connect.obj
         Debug\ngx_event_pipe.obj
         Debug\ngx_event_posted.obj
         Debug\ngx_event_timer.obj
         Debug\ngx_http_access_module.obj
         Debug\ngx_http_addition_filter_module.obj
         Debug\ngx_http_auth_basic_module.obj
         Debug\ngx_http_auth_request_module.obj
         Debug\ngx_http_autoindex_module.obj
         Debug\ngx_http_browser_module.obj
         Debug\ngx_http_charset_filter_module.obj
         Debug\ngx_http_chunked_filter_module.obj
         Debug\ngx_http_cookie_module.obj
         Debug\ngx_http_empty_gif_module.obj
         Debug\ngx_http_fastcgi_module.obj
         Debug\ngx_http_flv_module.obj
         Debug\ngx_http_geo_module.obj
         Debug\ngx_http_headers_filter_module.obj
         Debug\ngx_http_hello_module.obj
         Debug\ngx_http_index_module.obj
         Debug\ngx_http_limit_conn_module.obj
         Debug\ngx_http_limit_req_module.obj
         Debug\ngx_http_log_module.obj
         Debug\ngx_http_map_module.obj
         Debug\ngx_http_memcached_module.obj
         Debug\ngx_http_mp4_module.obj
         Debug\ngx_http_not_modified_filter_module.obj
         Debug\ngx_http_proxy_module.obj
         Debug\ngx_http_random_index_module.obj
         Debug\ngx_http_range_filter_module.obj
         Debug\ngx_http_referer_module.obj
         Debug\ngx_http_scgi_module.obj
         Debug\ngx_http_secure_link_module.obj
         Debug\ngx_http_split_clients_module.obj
         Debug\ngx_http_ssi_filter_module.obj
         Debug\ngx_http_static_module.obj
         Debug\ngx_http_sub_filter_module.obj
         Debug\ngx_http_upstream_hash_module.obj
         Debug\ngx_http_upstream_ip_hash_module.obj
         Debug\ngx_http_upstream_keepalive_module.obj
         Debug\ngx_http_upstream_least_conn_module.obj
         Debug\ngx_http_upstream_zone_module.obj
         Debug\ngx_http_userid_filter_module.obj
         Debug\ngx_http_uwsgi_module.obj
         Debug\ngx_http.obj
         Debug\ngx_http_copy_filter_module.obj
         Debug\ngx_http_core_module.obj
         Debug\ngx_http_file_cache.obj
         Debug\ngx_http_header_filter_module.obj
         Debug\ngx_http_parse.obj
         Debug\ngx_http_postpone_filter_module.obj
         Debug\ngx_http_request.obj
         Debug\ngx_http_request_body.obj
         Debug\ngx_http_script.obj
         Debug\ngx_http_special_response.obj
         Debug\ngx_http_upstream.obj
         Debug\ngx_http_upstream_round_robin.obj
         Debug\ngx_http_variables.obj
         Debug\ngx_http_write_filter_module.obj
         Debug\ngx_mail.obj
         Debug\ngx_mail_auth_http_module.obj
         Debug\ngx_mail_core_module.obj
         Debug\ngx_mail_handler.obj
         Debug\ngx_mail_imap_handler.obj
         Debug\ngx_mail_imap_module.obj
         Debug\ngx_mail_parse.obj
         Debug\ngx_mail_pop3_handler.obj
         Debug\ngx_mail_pop3_module.obj
         Debug\ngx_mail_proxy_module.obj
         Debug\ngx_mail_smtp_handler.obj
         Debug\ngx_mail_smtp_module.obj
         Debug\ngx_cpp_test_module.obj
         Debug\ngx_alloc.obj
         Debug\ngx_errno.obj
         Debug\ngx_event_log.obj
         Debug\ngx_files.obj
         Debug\ngx_process.obj
         Debug\ngx_process_cycle.obj
         Debug\ngx_shmem.obj
         Debug\ngx_socket.obj
         Debug\ngx_stat.obj
         Debug\ngx_thread.obj
         Debug\ngx_time.obj
         Debug\ngx_udp_wsarecv.obj
         Debug\ngx_user.obj
         Debug\ngx_win32_init.obj
         Debug\ngx_wsarecv.obj
         Debug\ngx_wsarecv_chain.obj
         Debug\ngx_wsasend.obj
         Debug\ngx_wsasend_chain.obj
       Manifest:
         c:\Program Files (x86)\Microsoft SDKs\Windows\v7.0A\bin\mt.exe /nologo /verbose /out:"Debug\nginx.exe.embed.manifest" /manifest Debug\nginx.exe.intermediate.manifest
         所有输出均为最新。
       LinkEmbedManifest:
         所有输出均为最新。
         nginx.vcxproj -> C:\Users\zuolj\Documents\Visual Studio 2010\Projects\nginx\Debug\nginx.exe
       FinalizeBuildStatus:
         正在删除文件“Debug\nginx.unsuccessfulbuild”。
         正在对“Debug\nginx.lastbuildstate”执行 Touch 任务。
     1>已完成生成项目“C:\Users\zuolj\Documents\Visual Studio 2010\Projects\nginx\nginx.vcxproj”(build 个目标)的操作。

生成成功。

已用时间 00:00:01.75
