C:\Users\zuolj\Documents\Visual Studio 2010\Projects\nginx\Debug\cl.command.1.tlog
C:\Users\zuolj\Documents\Visual Studio 2010\Projects\nginx\Debug\CL.read.1.tlog
C:\Users\zuolj\Documents\Visual Studio 2010\Projects\nginx\Debug\CL.write.1.tlog
C:\Users\zuolj\Documents\Visual Studio 2010\Projects\nginx\Debug\link.command.1.tlog
C:\Users\zuolj\Documents\Visual Studio 2010\Projects\nginx\Debug\link.read.1.tlog
C:\Users\zuolj\Documents\Visual Studio 2010\Projects\nginx\Debug\link.write.1.tlog
C:\Users\zuolj\Documents\Visual Studio 2010\Projects\nginx\Debug\link-cvtres.read.1.tlog
C:\Users\zuolj\Documents\Visual Studio 2010\Projects\nginx\Debug\link-cvtres.write.1.tlog
C:\Users\zuolj\Documents\Visual Studio 2010\Projects\nginx\Debug\mt.command.1.tlog
C:\Users\zuolj\Documents\Visual Studio 2010\Projects\nginx\Debug\mt.read.1.tlog
C:\Users\zuolj\Documents\Visual Studio 2010\Projects\nginx\Debug\mt.write.1.tlog
C:\USERS\ZUOLJ\DOCUMENTS\VISUAL STUDIO 2010\PROJECTS\NGINX\DEBUG\NGINX.EXE
C:\USERS\ZUOLJ\DOCUMENTS\VISUAL STUDIO 2010\PROJECTS\NGINX\DEBUG\NGINX.EXE.EMBED.MANIFEST
C:\USERS\ZUOLJ\DOCUMENTS\VISUAL STUDIO 2010\PROJECTS\NGINX\DEBUG\NGINX.EXE.EMBED.MANIFEST.RES
C:\USERS\ZUOLJ\DOCUMENTS\VISUAL STUDIO 2010\PROJECTS\NGINX\DEBUG\NGINX.EXE.INTERMEDIATE.MANIFEST
C:\USERS\ZUOLJ\DOCUMENTS\VISUAL STUDIO 2010\PROJECTS\NGINX\DEBUG\NGINX.ILK
C:\USERS\ZUOLJ\DOCUMENTS\VISUAL STUDIO 2010\PROJECTS\NGINX\DEBUG\NGINX.OBJ
C:\USERS\ZUOLJ\DOCUMENTS\VISUAL STUDIO 2010\PROJECTS\NGINX\DEBUG\NGINX.PDB
C:\USERS\ZUOLJ\DOCUMENTS\VISUAL STUDIO 2010\PROJECTS\NGINX\DEBUG\NGINX.RES
C:\Users\zuolj\Documents\Visual Studio 2010\Projects\nginx\Debug\nginx.write.1.tlog
C:\Users\zuolj\Documents\Visual Studio 2010\Projects\nginx\Debug\nginx_manifest.rc
C:\USERS\ZUOLJ\DOCUMENTS\VISUAL STUDIO 2010\PROJECTS\NGINX\DEBUG\NGX_ALLOC.OBJ
C:\USERS\ZUOLJ\DOCUMENTS\VISUAL STUDIO 2010\PROJECTS\NGINX\DEBUG\NGX_ARRAY.OBJ
C:\USERS\ZUOLJ\DOCUMENTS\VISUAL STUDIO 2010\PROJECTS\NGINX\DEBUG\NGX_BUF.OBJ
C:\USERS\ZUOLJ\DOCUMENTS\VISUAL STUDIO 2010\PROJECTS\NGINX\DEBUG\NGX_CONF_FILE.OBJ
C:\USERS\ZUOLJ\DOCUMENTS\VISUAL STUDIO 2010\PROJECTS\NGINX\DEBUG\NGX_CONNECTION.OBJ
C:\USERS\ZUOLJ\DOCUMENTS\VISUAL STUDIO 2010\PROJECTS\NGINX\DEBUG\NGX_CPP_TEST_MODULE.OBJ
C:\USERS\ZUOLJ\DOCUMENTS\VISUAL STUDIO 2010\PROJECTS\NGINX\DEBUG\NGX_CPUINFO.OBJ
C:\USERS\ZUOLJ\DOCUMENTS\VISUAL STUDIO 2010\PROJECTS\NGINX\DEBUG\NGX_CRC32.OBJ
C:\USERS\ZUOLJ\DOCUMENTS\VISUAL STUDIO 2010\PROJECTS\NGINX\DEBUG\NGX_CRYPT.OBJ
C:\USERS\ZUOLJ\DOCUMENTS\VISUAL STUDIO 2010\PROJECTS\NGINX\DEBUG\NGX_CYCLE.OBJ
C:\USERS\ZUOLJ\DOCUMENTS\VISUAL STUDIO 2010\PROJECTS\NGINX\DEBUG\NGX_ERRNO.OBJ
C:\USERS\ZUOLJ\DOCUMENTS\VISUAL STUDIO 2010\PROJECTS\NGINX\DEBUG\NGX_EVENT.OBJ
C:\USERS\ZUOLJ\DOCUMENTS\VISUAL STUDIO 2010\PROJECTS\NGINX\DEBUG\NGX_EVENT_ACCEPT.OBJ
C:\USERS\ZUOLJ\DOCUMENTS\VISUAL STUDIO 2010\PROJECTS\NGINX\DEBUG\NGX_EVENT_ACCEPTEX.OBJ
C:\USERS\ZUOLJ\DOCUMENTS\VISUAL STUDIO 2010\PROJECTS\NGINX\DEBUG\NGX_EVENT_CONNECT.OBJ
C:\USERS\ZUOLJ\DOCUMENTS\VISUAL STUDIO 2010\PROJECTS\NGINX\DEBUG\NGX_EVENT_LOG.OBJ
C:\USERS\ZUOLJ\DOCUMENTS\VISUAL STUDIO 2010\PROJECTS\NGINX\DEBUG\NGX_EVENT_PIPE.OBJ
C:\USERS\ZUOLJ\DOCUMENTS\VISUAL STUDIO 2010\PROJECTS\NGINX\DEBUG\NGX_EVENT_POSTED.OBJ
C:\USERS\ZUOLJ\DOCUMENTS\VISUAL STUDIO 2010\PROJECTS\NGINX\DEBUG\NGX_EVENT_TIMER.OBJ
C:\USERS\ZUOLJ\DOCUMENTS\VISUAL STUDIO 2010\PROJECTS\NGINX\DEBUG\NGX_FILE.OBJ
C:\USERS\ZUOLJ\DOCUMENTS\VISUAL STUDIO 2010\PROJECTS\NGINX\DEBUG\NGX_FILES.OBJ
C:\USERS\ZUOLJ\DOCUMENTS\VISUAL STUDIO 2010\PROJECTS\NGINX\DEBUG\NGX_HASH.OBJ
C:\USERS\ZUOLJ\DOCUMENTS\VISUAL STUDIO 2010\PROJECTS\NGINX\DEBUG\NGX_HTTP.OBJ
C:\USERS\ZUOLJ\DOCUMENTS\VISUAL STUDIO 2010\PROJECTS\NGINX\DEBUG\NGX_HTTP_ACCESS_MODULE.OBJ
C:\USERS\ZUOLJ\DOCUMENTS\VISUAL STUDIO 2010\PROJECTS\NGINX\DEBUG\NGX_HTTP_ADDITION_FILTER_MODULE.OBJ
C:\USERS\ZUOLJ\DOCUMENTS\VISUAL STUDIO 2010\PROJECTS\NGINX\DEBUG\NGX_HTTP_AUTH_BASIC_MODULE.OBJ
C:\USERS\ZUOLJ\DOCUMENTS\VISUAL STUDIO 2010\PROJECTS\NGINX\DEBUG\NGX_HTTP_AUTH_REQUEST_MODULE.OBJ
C:\USERS\ZUOLJ\DOCUMENTS\VISUAL STUDIO 2010\PROJECTS\NGINX\DEBUG\NGX_HTTP_AUTOINDEX_MODULE.OBJ
C:\USERS\ZUOLJ\DOCUMENTS\VISUAL STUDIO 2010\PROJECTS\NGINX\DEBUG\NGX_HTTP_BROWSER_MODULE.OBJ
C:\USERS\ZUOLJ\DOCUMENTS\VISUAL STUDIO 2010\PROJECTS\NGINX\DEBUG\NGX_HTTP_CHARSET_FILTER_MODULE.OBJ
C:\USERS\ZUOLJ\DOCUMENTS\VISUAL STUDIO 2010\PROJECTS\NGINX\DEBUG\NGX_HTTP_CHUNKED_FILTER_MODULE.OBJ
C:\USERS\ZUOLJ\DOCUMENTS\VISUAL STUDIO 2010\PROJECTS\NGINX\DEBUG\NGX_HTTP_COOKIE_MODULE.OBJ
C:\USERS\ZUOLJ\DOCUMENTS\VISUAL STUDIO 2010\PROJECTS\NGINX\DEBUG\NGX_HTTP_COPY_FILTER_MODULE.OBJ
C:\USERS\ZUOLJ\DOCUMENTS\VISUAL STUDIO 2010\PROJECTS\NGINX\DEBUG\NGX_HTTP_CORE_MODULE.OBJ
C:\USERS\ZUOLJ\DOCUMENTS\VISUAL STUDIO 2010\PROJECTS\NGINX\DEBUG\NGX_HTTP_EMPTY_GIF_MODULE.OBJ
C:\USERS\ZUOLJ\DOCUMENTS\VISUAL STUDIO 2010\PROJECTS\NGINX\DEBUG\NGX_HTTP_FASTCGI_MODULE.OBJ
C:\USERS\ZUOLJ\DOCUMENTS\VISUAL STUDIO 2010\PROJECTS\NGINX\DEBUG\NGX_HTTP_FILE_CACHE.OBJ
C:\USERS\ZUOLJ\DOCUMENTS\VISUAL STUDIO 2010\PROJECTS\NGINX\DEBUG\NGX_HTTP_FLV_MODULE.OBJ
C:\USERS\ZUOLJ\DOCUMENTS\VISUAL STUDIO 2010\PROJECTS\NGINX\DEBUG\NGX_HTTP_GEO_MODULE.OBJ
C:\USERS\ZUOLJ\DOCUMENTS\VISUAL STUDIO 2010\PROJECTS\NGINX\DEBUG\NGX_HTTP_HEADER_FILTER_MODULE.OBJ
C:\USERS\ZUOLJ\DOCUMENTS\VISUAL STUDIO 2010\PROJECTS\NGINX\DEBUG\NGX_HTTP_HEADERS_FILTER_MODULE.OBJ
C:\USERS\ZUOLJ\DOCUMENTS\VISUAL STUDIO 2010\PROJECTS\NGINX\DEBUG\NGX_HTTP_HELLO_MODULE.OBJ
C:\USERS\ZUOLJ\DOCUMENTS\VISUAL STUDIO 2010\PROJECTS\NGINX\DEBUG\NGX_HTTP_INDEX_MODULE.OBJ
C:\USERS\ZUOLJ\DOCUMENTS\VISUAL STUDIO 2010\PROJECTS\NGINX\DEBUG\NGX_HTTP_LIMIT_CONN_MODULE.OBJ
C:\USERS\ZUOLJ\DOCUMENTS\VISUAL STUDIO 2010\PROJECTS\NGINX\DEBUG\NGX_HTTP_LIMIT_REQ_MODULE.OBJ
C:\USERS\ZUOLJ\DOCUMENTS\VISUAL STUDIO 2010\PROJECTS\NGINX\DEBUG\NGX_HTTP_LOG_MODULE.OBJ
C:\USERS\ZUOLJ\DOCUMENTS\VISUAL STUDIO 2010\PROJECTS\NGINX\DEBUG\NGX_HTTP_MAP_MODULE.OBJ
C:\USERS\ZUOLJ\DOCUMENTS\VISUAL STUDIO 2010\PROJECTS\NGINX\DEBUG\NGX_HTTP_MEMCACHED_MODULE.OBJ
C:\USERS\ZUOLJ\DOCUMENTS\VISUAL STUDIO 2010\PROJECTS\NGINX\DEBUG\NGX_HTTP_MP4_MODULE.OBJ
C:\USERS\ZUOLJ\DOCUMENTS\VISUAL STUDIO 2010\PROJECTS\NGINX\DEBUG\NGX_HTTP_NOT_MODIFIED_FILTER_MODULE.OBJ
C:\USERS\ZUOLJ\DOCUMENTS\VISUAL STUDIO 2010\PROJECTS\NGINX\DEBUG\NGX_HTTP_PARSE.OBJ
C:\USERS\ZUOLJ\DOCUMENTS\VISUAL STUDIO 2010\PROJECTS\NGINX\DEBUG\NGX_HTTP_POSTPONE_FILTER_MODULE.OBJ
C:\USERS\ZUOLJ\DOCUMENTS\VISUAL STUDIO 2010\PROJECTS\NGINX\DEBUG\NGX_HTTP_PROXY_MODULE.OBJ
C:\USERS\ZUOLJ\DOCUMENTS\VISUAL STUDIO 2010\PROJECTS\NGINX\DEBUG\NGX_HTTP_RANDOM_INDEX_MODULE.OBJ
C:\USERS\ZUOLJ\DOCUMENTS\VISUAL STUDIO 2010\PROJECTS\NGINX\DEBUG\NGX_HTTP_RANGE_FILTER_MODULE.OBJ
C:\USERS\ZUOLJ\DOCUMENTS\VISUAL STUDIO 2010\PROJECTS\NGINX\DEBUG\NGX_HTTP_REFERER_MODULE.OBJ
C:\USERS\ZUOLJ\DOCUMENTS\VISUAL STUDIO 2010\PROJECTS\NGINX\DEBUG\NGX_HTTP_REQUEST.OBJ
C:\USERS\ZUOLJ\DOCUMENTS\VISUAL STUDIO 2010\PROJECTS\NGINX\DEBUG\NGX_HTTP_REQUEST_BODY.OBJ
C:\USERS\ZUOLJ\DOCUMENTS\VISUAL STUDIO 2010\PROJECTS\NGINX\DEBUG\NGX_HTTP_SCGI_MODULE.OBJ
C:\USERS\ZUOLJ\DOCUMENTS\VISUAL STUDIO 2010\PROJECTS\NGINX\DEBUG\NGX_HTTP_SCRIPT.OBJ
C:\USERS\ZUOLJ\DOCUMENTS\VISUAL STUDIO 2010\PROJECTS\NGINX\DEBUG\NGX_HTTP_SECURE_LINK_MODULE.OBJ
C:\USERS\ZUOLJ\DOCUMENTS\VISUAL STUDIO 2010\PROJECTS\NGINX\DEBUG\NGX_HTTP_SPECIAL_RESPONSE.OBJ
C:\USERS\ZUOLJ\DOCUMENTS\VISUAL STUDIO 2010\PROJECTS\NGINX\DEBUG\NGX_HTTP_SPLIT_CLIENTS_MODULE.OBJ
C:\USERS\ZUOLJ\DOCUMENTS\VISUAL STUDIO 2010\PROJECTS\NGINX\DEBUG\NGX_HTTP_SSI_FILTER_MODULE.OBJ
C:\USERS\ZUOLJ\DOCUMENTS\VISUAL STUDIO 2010\PROJECTS\NGINX\DEBUG\NGX_HTTP_STATIC_MODULE.OBJ
C:\USERS\ZUOLJ\DOCUMENTS\VISUAL STUDIO 2010\PROJECTS\NGINX\DEBUG\NGX_HTTP_SUB_FILTER_MODULE.OBJ
C:\USERS\ZUOLJ\DOCUMENTS\VISUAL STUDIO 2010\PROJECTS\NGINX\DEBUG\NGX_HTTP_UPSTREAM.OBJ
C:\USERS\ZUOLJ\DOCUMENTS\VISUAL STUDIO 2010\PROJECTS\NGINX\DEBUG\NGX_HTTP_UPSTREAM_HASH_MODULE.OBJ
C:\USERS\ZUOLJ\DOCUMENTS\VISUAL STUDIO 2010\PROJECTS\NGINX\DEBUG\NGX_HTTP_UPSTREAM_IP_HASH_MODULE.OBJ
C:\USERS\ZUOLJ\DOCUMENTS\VISUAL STUDIO 2010\PROJECTS\NGINX\DEBUG\NGX_HTTP_UPSTREAM_KEEPALIVE_MODULE.OBJ
C:\USERS\ZUOLJ\DOCUMENTS\VISUAL STUDIO 2010\PROJECTS\NGINX\DEBUG\NGX_HTTP_UPSTREAM_LEAST_CONN_MODULE.OBJ
C:\USERS\ZUOLJ\DOCUMENTS\VISUAL STUDIO 2010\PROJECTS\NGINX\DEBUG\NGX_HTTP_UPSTREAM_ROUND_ROBIN.OBJ
C:\USERS\ZUOLJ\DOCUMENTS\VISUAL STUDIO 2010\PROJECTS\NGINX\DEBUG\NGX_HTTP_UPSTREAM_ZONE_MODULE.OBJ
C:\USERS\ZUOLJ\DOCUMENTS\VISUAL STUDIO 2010\PROJECTS\NGINX\DEBUG\NGX_HTTP_USERID_FILTER_MODULE.OBJ
C:\USERS\ZUOLJ\DOCUMENTS\VISUAL STUDIO 2010\PROJECTS\NGINX\DEBUG\NGX_HTTP_UWSGI_MODULE.OBJ
C:\USERS\ZUOLJ\DOCUMENTS\VISUAL STUDIO 2010\PROJECTS\NGINX\DEBUG\NGX_HTTP_VARIABLES.OBJ
C:\USERS\ZUOLJ\DOCUMENTS\VISUAL STUDIO 2010\PROJECTS\NGINX\DEBUG\NGX_HTTP_WRITE_FILTER_MODULE.OBJ
C:\USERS\ZUOLJ\DOCUMENTS\VISUAL STUDIO 2010\PROJECTS\NGINX\DEBUG\NGX_INET.OBJ
C:\USERS\ZUOLJ\DOCUMENTS\VISUAL STUDIO 2010\PROJECTS\NGINX\DEBUG\NGX_IOCP_MODULE.OBJ
C:\USERS\ZUOLJ\DOCUMENTS\VISUAL STUDIO 2010\PROJECTS\NGINX\DEBUG\NGX_LIST.OBJ
C:\USERS\ZUOLJ\DOCUMENTS\VISUAL STUDIO 2010\PROJECTS\NGINX\DEBUG\NGX_LOG.OBJ
C:\USERS\ZUOLJ\DOCUMENTS\VISUAL STUDIO 2010\PROJECTS\NGINX\DEBUG\NGX_MAIL.OBJ
C:\USERS\ZUOLJ\DOCUMENTS\VISUAL STUDIO 2010\PROJECTS\NGINX\DEBUG\NGX_MAIL_AUTH_HTTP_MODULE.OBJ
C:\USERS\ZUOLJ\DOCUMENTS\VISUAL STUDIO 2010\PROJECTS\NGINX\DEBUG\NGX_MAIL_CORE_MODULE.OBJ
C:\USERS\ZUOLJ\DOCUMENTS\VISUAL STUDIO 2010\PROJECTS\NGINX\DEBUG\NGX_MAIL_HANDLER.OBJ
C:\USERS\ZUOLJ\DOCUMENTS\VISUAL STUDIO 2010\PROJECTS\NGINX\DEBUG\NGX_MAIL_IMAP_HANDLER.OBJ
C:\USERS\ZUOLJ\DOCUMENTS\VISUAL STUDIO 2010\PROJECTS\NGINX\DEBUG\NGX_MAIL_IMAP_MODULE.OBJ
C:\USERS\ZUOLJ\DOCUMENTS\VISUAL STUDIO 2010\PROJECTS\NGINX\DEBUG\NGX_MAIL_PARSE.OBJ
C:\USERS\ZUOLJ\DOCUMENTS\VISUAL STUDIO 2010\PROJECTS\NGINX\DEBUG\NGX_MAIL_POP3_HANDLER.OBJ
C:\USERS\ZUOLJ\DOCUMENTS\VISUAL STUDIO 2010\PROJECTS\NGINX\DEBUG\NGX_MAIL_POP3_MODULE.OBJ
C:\USERS\ZUOLJ\DOCUMENTS\VISUAL STUDIO 2010\PROJECTS\NGINX\DEBUG\NGX_MAIL_PROXY_MODULE.OBJ
C:\USERS\ZUOLJ\DOCUMENTS\VISUAL STUDIO 2010\PROJECTS\NGINX\DEBUG\NGX_MAIL_SMTP_HANDLER.OBJ
C:\USERS\ZUOLJ\DOCUMENTS\VISUAL STUDIO 2010\PROJECTS\NGINX\DEBUG\NGX_MAIL_SMTP_MODULE.OBJ
C:\USERS\ZUOLJ\DOCUMENTS\VISUAL STUDIO 2010\PROJECTS\NGINX\DEBUG\NGX_MD5.OBJ
C:\USERS\ZUOLJ\DOCUMENTS\VISUAL STUDIO 2010\PROJECTS\NGINX\DEBUG\NGX_MODULES.OBJ
C:\USERS\ZUOLJ\DOCUMENTS\VISUAL STUDIO 2010\PROJECTS\NGINX\DEBUG\NGX_MURMURHASH.OBJ
C:\USERS\ZUOLJ\DOCUMENTS\VISUAL STUDIO 2010\PROJECTS\NGINX\DEBUG\NGX_OPEN_FILE_CACHE.OBJ
C:\USERS\ZUOLJ\DOCUMENTS\VISUAL STUDIO 2010\PROJECTS\NGINX\DEBUG\NGX_OUTPUT_CHAIN.OBJ
C:\USERS\ZUOLJ\DOCUMENTS\VISUAL STUDIO 2010\PROJECTS\NGINX\DEBUG\NGX_PALLOC.OBJ
C:\USERS\ZUOLJ\DOCUMENTS\VISUAL STUDIO 2010\PROJECTS\NGINX\DEBUG\NGX_PARSE.OBJ
C:\USERS\ZUOLJ\DOCUMENTS\VISUAL STUDIO 2010\PROJECTS\NGINX\DEBUG\NGX_PARSE_TIME.OBJ
C:\USERS\ZUOLJ\DOCUMENTS\VISUAL STUDIO 2010\PROJECTS\NGINX\DEBUG\NGX_PCH.OBJ
C:\USERS\ZUOLJ\DOCUMENTS\VISUAL STUDIO 2010\PROJECTS\NGINX\DEBUG\NGX_PROCESS.OBJ
C:\USERS\ZUOLJ\DOCUMENTS\VISUAL STUDIO 2010\PROJECTS\NGINX\DEBUG\NGX_PROCESS_CYCLE.OBJ
C:\USERS\ZUOLJ\DOCUMENTS\VISUAL STUDIO 2010\PROJECTS\NGINX\DEBUG\NGX_PROXY_PROTOCOL.OBJ
C:\USERS\ZUOLJ\DOCUMENTS\VISUAL STUDIO 2010\PROJECTS\NGINX\DEBUG\NGX_QUEUE.OBJ
C:\USERS\ZUOLJ\DOCUMENTS\VISUAL STUDIO 2010\PROJECTS\NGINX\DEBUG\NGX_RADIX_TREE.OBJ
C:\USERS\ZUOLJ\DOCUMENTS\VISUAL STUDIO 2010\PROJECTS\NGINX\DEBUG\NGX_RBTREE.OBJ
C:\USERS\ZUOLJ\DOCUMENTS\VISUAL STUDIO 2010\PROJECTS\NGINX\DEBUG\NGX_RESOLVER.OBJ
C:\USERS\ZUOLJ\DOCUMENTS\VISUAL STUDIO 2010\PROJECTS\NGINX\DEBUG\NGX_RWLOCK.OBJ
C:\USERS\ZUOLJ\DOCUMENTS\VISUAL STUDIO 2010\PROJECTS\NGINX\DEBUG\NGX_SHMEM.OBJ
C:\USERS\ZUOLJ\DOCUMENTS\VISUAL STUDIO 2010\PROJECTS\NGINX\DEBUG\NGX_SHMTX.OBJ
C:\USERS\ZUOLJ\DOCUMENTS\VISUAL STUDIO 2010\PROJECTS\NGINX\DEBUG\NGX_SLAB.OBJ
C:\USERS\ZUOLJ\DOCUMENTS\VISUAL STUDIO 2010\PROJECTS\NGINX\DEBUG\NGX_SOCKET.OBJ
C:\USERS\ZUOLJ\DOCUMENTS\VISUAL STUDIO 2010\PROJECTS\NGINX\DEBUG\NGX_SPINLOCK.OBJ
C:\USERS\ZUOLJ\DOCUMENTS\VISUAL STUDIO 2010\PROJECTS\NGINX\DEBUG\NGX_STAT.OBJ
C:\USERS\ZUOLJ\DOCUMENTS\VISUAL STUDIO 2010\PROJECTS\NGINX\DEBUG\NGX_STRING.OBJ
C:\USERS\ZUOLJ\DOCUMENTS\VISUAL STUDIO 2010\PROJECTS\NGINX\DEBUG\NGX_SYSLOG.OBJ
C:\USERS\ZUOLJ\DOCUMENTS\VISUAL STUDIO 2010\PROJECTS\NGINX\DEBUG\NGX_THREAD.OBJ
C:\USERS\ZUOLJ\DOCUMENTS\VISUAL STUDIO 2010\PROJECTS\NGINX\DEBUG\NGX_TIME.OBJ
C:\USERS\ZUOLJ\DOCUMENTS\VISUAL STUDIO 2010\PROJECTS\NGINX\DEBUG\NGX_TIMES.OBJ
C:\USERS\ZUOLJ\DOCUMENTS\VISUAL STUDIO 2010\PROJECTS\NGINX\DEBUG\NGX_UDP_WSARECV.OBJ
C:\USERS\ZUOLJ\DOCUMENTS\VISUAL STUDIO 2010\PROJECTS\NGINX\DEBUG\NGX_USER.OBJ
C:\USERS\ZUOLJ\DOCUMENTS\VISUAL STUDIO 2010\PROJECTS\NGINX\DEBUG\NGX_WIN32_INIT.OBJ
C:\USERS\ZUOLJ\DOCUMENTS\VISUAL STUDIO 2010\PROJECTS\NGINX\DEBUG\NGX_WIN32_SELECT_MODULE.OBJ
C:\USERS\ZUOLJ\DOCUMENTS\VISUAL STUDIO 2010\PROJECTS\NGINX\DEBUG\NGX_WSARECV.OBJ
C:\USERS\ZUOLJ\DOCUMENTS\VISUAL STUDIO 2010\PROJECTS\NGINX\DEBUG\NGX_WSARECV_CHAIN.OBJ
C:\USERS\ZUOLJ\DOCUMENTS\VISUAL STUDIO 2010\PROJECTS\NGINX\DEBUG\NGX_WSASEND.OBJ
C:\USERS\ZUOLJ\DOCUMENTS\VISUAL STUDIO 2010\PROJECTS\NGINX\DEBUG\NGX_WSASEND_CHAIN.OBJ
C:\Users\zuolj\Documents\Visual Studio 2010\Projects\nginx\Debug\rc.command.1.tlog
C:\Users\zuolj\Documents\Visual Studio 2010\Projects\nginx\Debug\rc.read.1.tlog
C:\Users\zuolj\Documents\Visual Studio 2010\Projects\nginx\Debug\rc.write.1.tlog
C:\Users\zuolj\Documents\Visual Studio 2010\Projects\nginx\Debug\vc100.idb
C:\USERS\ZUOLJ\DOCUMENTS\VISUAL STUDIO 2010\PROJECTS\NGINX\DEBUG\VC100.PDB
